[2021-08-13T20:15:43.891] [WARN] warn - Nuevo intento de login: santdoyle@gmail.com
[2021-08-13T20:17:08.484] [WARN] warn - Nuevo intento de login: santdoyle@gmail.com
[2021-08-13T20:45:33.734] [WARN] warn - Nuevo intento de login: santdoyle@gmail.com
[2021-08-13T22:49:03.240] [WARN] warn - Nuevo intento de login: santdoyle@gmail.com
[2021-08-14T19:50:45.453] [WARN] warn - Nuevo intento de login: santdoyle@gmail.com
[2021-08-14T19:51:15.202] [WARN] warn - Nuevo intento de login: santdoyle@gmail.com
[2021-08-14T20:12:01.020] [WARN] warn - Nuevo intento de login: santdoyle@gmail.com
[2021-08-14T20:12:38.763] [WARN] warn - Error al guardar producto MongoError: E11000 duplicate key error collection: myFirstDatabase.productos index: idProducto_1 dup key: { idProducto: 1 }
[2021-08-14T20:13:32.997] [WARN] warn - Nuevo intento de login: santdoyle@gmail.com
[2021-08-14T20:13:49.855] [WARN] warn - Error al guardar producto MongoError: E11000 duplicate key error collection: myFirstDatabase.productos index: idProducto_1 dup key: { idProducto: 1 }
[2021-08-14T20:15:45.803] [WARN] warn - Nuevo intento de login: santdoyle@gmail.com
[2021-08-14T20:16:00.731] [WARN] warn - Error al guardar producto MongoError: E11000 duplicate key error collection: myFirstDatabase.productos index: idProducto_1 dup key: { idProducto: 1 }
[2021-08-14T20:16:59.820] [WARN] warn - Nuevo intento de login: santdoyle@gmail.com
[2021-08-14T20:21:14.406] [WARN] warn - Nuevo intento de login: santdoyle@gmail.com
[2021-08-14T20:27:38.870] [WARN] warn - Nuevo intento de login: santdoyle@gmail.com
[2021-08-14T20:27:58.055] [WARN] warn - Nuevo intento de login: santdoyle@gmail.com
[2021-08-14T20:29:38.346] [WARN] warn - Nuevo intento de login: santdoyle@gmail.com
[2021-08-14T20:33:04.306] [WARN] warn - Nuevo intento de login: santdoyle@gmail.com
[2021-08-14T20:36:29.239] [WARN] warn - Nuevo intento de login: santdoyle@gmail.com
[2021-08-14T20:36:43.910] [WARN] warn - Nuevo intento de login: santdoyle@gmail.com
[2021-08-14T20:39:06.949] [WARN] warn - Nuevo intento de login: santdoyle@gmail.com
[2021-08-14T20:48:10.987] [WARN] warn - Error al guardar producto MongoError: E11000 duplicate key error collection: myFirstDatabase.productos index: idProducto_1 dup key: { idProducto: null }
[2021-08-14T20:48:49.709] [WARN] warn - Error al guardar producto MongoError: E11000 duplicate key error collection: myFirstDatabase.productos index: idProducto_1 dup key: { idProducto: null }
[2021-08-14T20:50:05.470] [WARN] warn - Error al guardar producto MongoError: E11000 duplicate key error collection: myFirstDatabase.productos index: idProducto_1 dup key: { idProducto: null }
[2021-08-14T20:53:34.470] [WARN] warn - Error al guardar producto MongoError: E11000 duplicate key error collection: myFirstDatabase.productos index: idProducto_1 dup key: { idProducto: null }
[2021-08-14T20:54:39.183] [WARN] warn - Error al guardar producto MongoError: E11000 duplicate key error collection: myFirstDatabase.productos index: idProducto_1 dup key: { idProducto: null }
[2021-08-14T20:56:13.453] [WARN] warn - Error al guardar producto MongoError: E11000 duplicate key error collection: myFirstDatabase.productos index: idProducto_1 dup key: { idProducto: null }
[2021-08-14T20:58:24.441] [WARN] warn - Error al guardar producto MongoError: E11000 duplicate key error collection: myFirstDatabase.productos index: idProducto_1 dup key: { idProducto: null }
[2021-08-14T21:00:17.147] [WARN] warn - Error al guardar producto MongoError: E11000 duplicate key error collection: myFirstDatabase.productos index: idProducto_1 dup key: { idProducto: null }
[2021-08-14T21:02:51.325] [WARN] warn - Error al guardar producto ValidationError: codigo: Cast to Number failed for value "fg34" (type string) at path "codigo"
[2021-08-14T21:03:27.829] [WARN] warn - Error al guardar producto MongoError: E11000 duplicate key error collection: myFirstDatabase.productos index: idProducto_1 dup key: { idProducto: null }
[2021-08-15T07:54:17.905] [WARN] warn - Nuevo intento de login: santdoyle@gmail.com
[2021-08-15T07:54:48.438] [WARN] warn - Nuevo intento de login: santdoyle@gmail.com
[2021-08-15T10:19:18.054] [WARN] warn - Error al guardar en carrito ValidationError: items: Path `items` is required.
[2021-08-15T11:11:02.625] [WARN] warn - Error al guardar en carrito ValidationError: numeroOrden: Path `numeroOrden` is required.
[2021-08-15T13:10:49.261] [WARN] warn - Nuevo intento de login: osvaldodoyle@hotmail.com
[2021-08-15T13:10:49.272] [WARN] warn - Intento de login, contraseña incorrecta osvaldodoyle@hotmail.com
[2021-08-15T14:18:59.790] [WARN] warn - Nuevo intento de login: santdoyle@gmail.com
[2021-08-15T14:53:38.390] [WARN] warn - Nuevo intento de login: santdoyle@gmail.com
[2021-08-24T10:06:11.349] [WARN] warn - Nuevo intento de login: santdoyle@gmail.com
[2021-08-24T10:54:23.190] [WARN] warn - Nuevo intento de login: santdoyle@gmail.com
